[debug] [2024-03-30T15:57:21.406Z] ----------------------------------------------------------------------
[debug] [2024-03-30T15:57:21.409Z] Command:       C:\Program Files\nodejs\node.exe C:\Users\ASDF\AppData\Roaming\npm\node_modules\firebase-tools\lib\bin\firebase.js emulators:start --only functions
[debug] [2024-03-30T15:57:21.410Z] CLI Version:   13.6.0
[debug] [2024-03-30T15:57:21.410Z] Platform:      win32
[debug] [2024-03-30T15:57:21.410Z] Node Version:  v20.10.0
[debug] [2024-03-30T15:57:21.410Z] Time:          Sat Mar 30 2024 20:57:21 GMT+0500 (Pakistan Standard Time)
[debug] [2024-03-30T15:57:21.410Z] ----------------------------------------------------------------------
[debug] 
[debug] [2024-03-30T15:57:21.512Z] > command requires scopes: ["email","openid","https://www.googleapis.com/auth/cloudplatformprojects.readonly","https://www.googleapis.com/auth/firebase","https://www.googleapis.com/auth/cloud-platform"]
[debug] [2024-03-30T15:57:21.513Z] > authorizing via signed-in user (rajafaisal499@gmail.com)
[info] i  emulators: Starting emulators: functions {"metadata":{"emulator":{"name":"hub"},"message":"Starting emulators: functions"}}
[debug] [2024-03-30T15:57:21.531Z] [logging] Logging Emulator only supports listening on one address (127.0.0.1). Not listening on ::1
[debug] [2024-03-30T15:57:21.531Z] assigned listening specs for emulators {"user":{"hub":[{"address":"127.0.0.1","family":"IPv4","port":4400},{"address":"::1","family":"IPv6","port":4400}],"ui":[{"address":"127.0.0.1","family":"IPv4","port":4000},{"address":"::1","family":"IPv6","port":4000}],"logging":[{"address":"127.0.0.1","family":"IPv4","port":4500}]},"metadata":{"message":"assigned listening specs for emulators"}}
[debug] [2024-03-30T15:57:21.536Z] [hub] writing locator at C:\Users\ASDF\AppData\Local\Temp\hub-game-store-3d1db.json
[debug] [2024-03-30T15:57:21.557Z] [functions] Functions Emulator only supports listening on one address (127.0.0.1). Not listening on ::1
[debug] [2024-03-30T15:57:21.557Z] [eventarc] Eventarc Emulator only supports listening on one address (127.0.0.1). Not listening on ::1
[debug] [2024-03-30T15:57:21.557Z] late-assigned ports for functions and eventarc emulators {"user":{"hub":[{"address":"127.0.0.1","family":"IPv4","port":4400},{"address":"::1","family":"IPv6","port":4400}],"ui":[{"address":"127.0.0.1","family":"IPv4","port":4000},{"address":"::1","family":"IPv6","port":4000}],"logging":[{"address":"127.0.0.1","family":"IPv4","port":4500}],"functions":[{"address":"127.0.0.1","family":"IPv4","port":5001}],"eventarc":[{"address":"127.0.0.1","family":"IPv4","port":9299}]},"metadata":{"message":"late-assigned ports for functions and eventarc emulators"}}
[warn] !  functions: The following emulators are not running, calls to these services from the Functions emulator will affect production: auth, firestore, database, hosting, pubsub, storage {"metadata":{"emulator":{"name":"functions"},"message":"The following emulators are not running, calls to these services from the Functions emulator will affect production: \u001b[1mauth, firestore, database, hosting, pubsub, storage\u001b[22m"}}
[debug] [2024-03-30T15:57:21.560Z] defaultcredentials: writing to file C:\Users\ASDF\AppData\Roaming\firebase\rajafaisal499_gmail_com_application_default_credentials.json
[debug] [2024-03-30T15:57:21.562Z] Setting GAC to C:\Users\ASDF\AppData\Roaming\firebase\rajafaisal499_gmail_com_application_default_credentials.json {"metadata":{"emulator":{"name":"functions"},"message":"Setting GAC to C:\\Users\\ASDF\\AppData\\Roaming\\firebase\\rajafaisal499_gmail_com_application_default_credentials.json"}}
[debug] [2024-03-30T15:57:21.565Z] >>> [apiv2][query] GET https://firebase.googleapis.com/v1beta1/projects/game-store-3d1db/adminSdkConfig [none]
[debug] [2024-03-30T15:57:22.142Z] <<< [apiv2][status] GET https://firebase.googleapis.com/v1beta1/projects/game-store-3d1db/adminSdkConfig 200
[debug] [2024-03-30T15:57:22.142Z] <<< [apiv2][body] GET https://firebase.googleapis.com/v1beta1/projects/game-store-3d1db/adminSdkConfig {"projectId":"game-store-3d1db","storageBucket":"game-store-3d1db.appspot.com"}
[debug] [2024-03-30T15:57:22.158Z] Ignoring unsupported arg: auto_download {"metadata":{"emulator":{"name":"ui"},"message":"Ignoring unsupported arg: auto_download"}}
[debug] [2024-03-30T15:57:22.158Z] Ignoring unsupported arg: port {"metadata":{"emulator":{"name":"ui"},"message":"Ignoring unsupported arg: port"}}
[debug] [2024-03-30T15:57:22.158Z] Starting Emulator UI with command {"binary":"node","args":["C:\\Users\\ASDF\\.cache\\firebase\\emulators\\ui-v1.11.8\\server\\server.mjs"],"optionalArgs":[],"joinArgs":false} {"metadata":{"emulator":{"name":"ui"},"message":"Starting Emulator UI with command {\"binary\":\"node\",\"args\":[\"C:\\\\Users\\\\ASDF\\\\.cache\\\\firebase\\\\emulators\\\\ui-v1.11.8\\\\server\\\\server.mjs\"],\"optionalArgs\":[],\"joinArgs\":false}"}}
[info] i  ui: Emulator UI logging to ui-debug.log {"metadata":{"emulator":{"name":"ui"},"message":"Emulator UI logging to \u001b[1mui-debug.log\u001b[22m"}}
[debug] [2024-03-30T15:57:22.322Z] Web / API server started at 127.0.0.1:4000
 {"metadata":{"emulator":{"name":"ui"},"message":"Web / API server started at 127.0.0.1:4000\n"}}
[debug] [2024-03-30T15:57:22.323Z] Web / API server started at ::1:4000
 {"metadata":{"emulator":{"name":"ui"},"message":"Web / API server started at ::1:4000\n"}}
[info] i  functions: Watching "C:\Users\ASDF\Desktop\VideoGameSite\video-game-backend\functions" for Cloud Functions... {"metadata":{"emulator":{"name":"functions"},"message":"Watching \"C:\\Users\\ASDF\\Desktop\\VideoGameSite\\video-game-backend\\functions\" for Cloud Functions..."}}
[debug] [2024-03-30T15:57:22.430Z] Validating nodejs source
[warn] !  functions: package.json indicates an outdated version of firebase-functions. Please upgrade using npm install --save firebase-functions@latest in your functions directory. 
[debug] [2024-03-30T15:57:24.147Z] > [functions] package.json contents: {
  "name": "functions",
  "scripts": {
    "build": "tsc",
    "build:watch": "tsc --watch",
    "serve": "npm run build && firebase emulators:start --only functions",
    "shell": "npm run build && firebase functions:shell",
    "start": "npm run shell",
    "deploy": "firebase deploy --only functions",
    "logs": "firebase functions:log"
  },
  "engines": {
    "node": "18"
  },
  "main": "lib/index.js",
  "dependencies": {
    "express": "^4.19.2",
    "firebase-admin": "^11.8.0",
    "firebase-functions": "^4.3.1",
    "nodemon": "^3.1.0"
  },
  "devDependencies": {
    "dotenv": "^16.4.5",
    "firebase-functions-test": "^3.1.0",
    "typescript": "^4.9.0"
  },
  "private": true
}
[debug] [2024-03-30T15:57:24.147Z] Building nodejs source
[debug] [2024-03-30T15:57:24.148Z] Failed to find version of module node: reached end of search path C:\Users\ASDF\Desktop\VideoGameSite\video-game-backend\functions\node_modules
[warn] !  functions: Your requested "node" version "18" doesn't match your global version "20". Using node@20 from host. 
[info] i  functions: Loaded environment variables from .env. 
[debug] [2024-03-30T15:57:24.151Z] Could not find functions.yaml. Must use http discovery
[debug] [2024-03-30T15:57:24.162Z] Found firebase-functions binary at 'C:\Users\ASDF\Desktop\VideoGameSite\video-game-backend\functions\node_modules\.bin\firebase-functions'
